<?xml version="1.0" encoding="UTF-8"?>
<!-- Generated by org.testng.reporters.JUnitReportReporter -->
<testsuite hostname="RADHEY" failures="0" tests="1" name="com.pages.Elemnts" time="5.137" errors="0" timestamp="2025-06-04T23:05:36 IST" skipped="0">
  <testcase classname="com.pages.Elemnts" name="move_down" time="5.137"/>
  <system-out/>
</testsuite> <!-- com.pages.Elemnts -->
