<?xml version="1.0" encoding="UTF-8"?>
<!-- Generated by org.testng.reporters.JUnitReportReporter -->
<testsuite hostname="RADHEY" failures="0" tests="4" name="com.pages.Windows_page" time="2.461" errors="0" timestamp="2025-07-14T22:22:11 IST" skipped="0">
  <testcase classname="com.pages.Windows_page" name="tabs1" time="0.201"/>
  <system-out/>
  <testcase classname="com.pages.Windows_page" name="tab2" time="1.559"/>
  <system-out/>
  <testcase classname="com.pages.Windows_page" name="tab3" time="0.615"/>
  <system-out/>
  <testcase classname="com.pages.Windows_page" name="allWindows_handels" time="0.086"/>
  <system-out/>
</testsuite> <!-- com.pages.Windows_page -->
