<?xml version="1.0" encoding="UTF-8"?>
<!-- Generated by org.testng.reporters.JUnitReportReporter -->
<testsuite hostname="RADHEY" failures="0" tests="1" name="com.pages.Windows_page" time="5.505" errors="0" timestamp="2025-07-15T22:48:44 IST" skipped="0">
  <testcase classname="com.pages.Windows_page" name="tabs1" time="5.505"/>
  <system-out/>
</testsuite> <!-- com.pages.Windows_page -->
